<?xml version="1.0" encoding="UTF-8"?>
<testsuite xmlns:xsi="http://www.w3.org/2001/XMLSchema-instance" xsi:noNamespaceSchemaLocation="https://maven.apache.org/surefire/maven-surefire-plugin/xsd/surefire-test-report-3.0.xsd" version="3.0" name="com.ccs.chess.model.BoardTest" time="0.048" tests="2" errors="0" skipped="0" failures="0">
  <properties>
[...]
</properties>
  <testcase name="standardBoardHasEightByEightDimensions" classname="com.ccs.chess.model.BoardTest" time="0.022"/>
  <testcase name="dimensionsMustBePositive" classname="com.ccs.chess.model.BoardTest" time="0.002"/>
</testsuite>